<?xml version="1.0" encoding="UTF-8"?>
<!-- Generated by org.testng.reporters.JUnitXMLReporter -->
<testsuite ignored="0" hostname="DESKTOP-R1OQVL4" failures="3" tests="4" name="Command line test" time="28.994" errors="0" timestamp="2021-10-06T13:51:23 EEST">
  <testcase classname="tests.auto.positive.FiltersTest" name="checkBrandInTheList" time="5.849">
    <failure type="org.openqa.selenium.ElementClickInterceptedException" message="element click intercepted: Element &amp;lt;a id=&amp;quot;geo-suggestions-close&amp;quot; href=&amp;quot;#&amp;quot; class=&amp;quot;abs close&amp;quot; data-icon=&amp;quot;close&amp;quot;&amp;gt;&amp;lt;/a&amp;gt; is not clickable at point (877, 399). Other element would receive the click: &amp;lt;iframe class=&amp;quot;gtm-survey__iframe&amp;quot; src=&amp;quot;https://ru.surveymonkey.com/r/KQZ7SWR?business_status=undefined&amp;quot;&amp;gt;&amp;lt;/iframe&amp;gt;
  (Session info: chrome=94.0.4606.71)
Build info: version: &amp;apos;3.141.59&amp;apos;, revision: &amp;apos;e82be7d358&amp;apos;, time: &amp;apos;2018-11-14T08:17:03&amp;apos;
System info: host: &amp;apos;DESKTOP-R1OQVL4&amp;apos;, ip: &amp;apos;192.168.1.134&amp;apos;, os.name: &amp;apos;Windows 10&amp;apos;, os.arch: &amp;apos;amd64&amp;apos;, os.version: &amp;apos;10.0&amp;apos;, java.version: &amp;apos;16.0.2&amp;apos;
Driver info: org.openqa.selenium.chrome.ChromeDriver
Capabilities {acceptInsecureCerts: false, browserName: chrome, browserVersion: 94.0.4606.71, chrome: {chromedriverVersion: 94.0.4606.61 (418b78f5838ed..., userDataDir: C:\Users\ONAUME~1\AppData\L...}, goog:chromeOptions: {debuggerAddress: localhost:63991}, javascriptEnabled: true, networkConnectionEnabled: false, pageLoadStrategy: normal, platform: WINDOWS, platformName: WINDOWS, proxy: Proxy(), setWindowRect: true, strictFileInteractability: false, timeouts: {implicit: 0, pageLoad: 300000, script: 30000}, unhandledPromptBehavior: dismiss and notify, webauthn:extension:credBlob: true, webauthn:extension:largeBlob: true, webauthn:virtualAuthenticators: true}
Session ID: c23fcf99a523424683359ca436c4ba9b">
      <![CDATA[org.openqa.selenium.ElementClickInterceptedException: element click intercepted: Element <a id="geo-suggestions-close" href="#" class="abs close" data-icon="close"></a> is not clickable at point (877, 399). Other element would receive the click: <iframe class="gtm-survey__iframe" src="https://ru.surveymonkey.com/r/KQZ7SWR?business_status=undefined"></iframe>
  (Session info: chrome=94.0.4606.71)
Build info: version: '3.141.59', revision: 'e82be7d358', time: '2018-11-14T08:17:03'
System info: host: 'DESKTOP-R1OQVL4', ip: '192.168.1.134', os.name: 'Windows 10', os.arch: 'amd64', os.version: '10.0', java.version: '16.0.2'
Driver info: org.openqa.selenium.chrome.ChromeDriver
Capabilities {acceptInsecureCerts: false, browserName: chrome, browserVersion: 94.0.4606.71, chrome: {chromedriverVersion: 94.0.4606.61 (418b78f5838ed..., userDataDir: C:\Users\ONAUME~1\AppData\L...}, goog:chromeOptions: {debuggerAddress: localhost:63991}, javascriptEnabled: true, networkConnectionEnabled: false, pageLoadStrategy: normal, platform: WINDOWS, platformName: WINDOWS, proxy: Proxy(), setWindowRect: true, strictFileInteractability: false, timeouts: {implicit: 0, pageLoad: 300000, script: 30000}, unhandledPromptBehavior: dismiss and notify, webauthn:extension:credBlob: true, webauthn:extension:largeBlob: true, webauthn:virtualAuthenticators: true}
Session ID: c23fcf99a523424683359ca436c4ba9b
at org.openqa.selenium.remote.http.W3CHttpResponseCodec.createException(W3CHttpResponseCodec.java:187)
at org.openqa.selenium.remote.http.W3CHttpResponseCodec.decode(W3CHttpResponseCodec.java:122)
at org.openqa.selenium.remote.http.W3CHttpResponseCodec.decode(W3CHttpResponseCodec.java:49)
at org.openqa.selenium.remote.HttpCommandExecutor.execute(HttpCommandExecutor.java:158)
at org.openqa.selenium.remote.service.DriverCommandExecutor.execute(DriverCommandExecutor.java:83)
at org.openqa.selenium.remote.RemoteWebDriver.execute(RemoteWebDriver.java:552)
at org.openqa.selenium.remote.RemoteWebElement.execute(RemoteWebElement.java:285)
at org.openqa.selenium.remote.RemoteWebElement.click(RemoteWebElement.java:84)
at org.openqa.selenium.support.pagefactory.internal.LocatingElementHandler.invoke(LocatingElementHandler.java:51)
at jdk.proxy2/jdk.proxy2.$Proxy10.click(Unknown Source)
at pages.BasePage.closeGeoSuggestions(BasePage.java:48)
at tests.auto.positive.FiltersTest.checkBrandInTheList(FiltersTest.java:31)
at java.base/java.util.ArrayList.forEach(ArrayList.java:1511)
... Removed 46 stack frames]]>
    </failure>
  </testcase> <!-- checkBrandInTheList -->
  <testcase classname="tests.auto.positive.FiltersTest" name="checkPriceFields" time="5.207">
    <failure type="org.openqa.selenium.ElementClickInterceptedException" message="element click intercepted: Element &amp;lt;a id=&amp;quot;geo-suggestions-close&amp;quot; href=&amp;quot;#&amp;quot; class=&amp;quot;abs close&amp;quot; data-icon=&amp;quot;close&amp;quot;&amp;gt;&amp;lt;/a&amp;gt; is not clickable at point (877, 399). Other element would receive the click: &amp;lt;iframe class=&amp;quot;gtm-survey__iframe&amp;quot; src=&amp;quot;https://ru.surveymonkey.com/r/KQZ7SWR?business_status=undefined&amp;quot;&amp;gt;&amp;lt;/iframe&amp;gt;
  (Session info: chrome=94.0.4606.71)
Build info: version: &amp;apos;3.141.59&amp;apos;, revision: &amp;apos;e82be7d358&amp;apos;, time: &amp;apos;2018-11-14T08:17:03&amp;apos;
System info: host: &amp;apos;DESKTOP-R1OQVL4&amp;apos;, ip: &amp;apos;192.168.1.134&amp;apos;, os.name: &amp;apos;Windows 10&amp;apos;, os.arch: &amp;apos;amd64&amp;apos;, os.version: &amp;apos;10.0&amp;apos;, java.version: &amp;apos;16.0.2&amp;apos;
Driver info: org.openqa.selenium.chrome.ChromeDriver
Capabilities {acceptInsecureCerts: false, browserName: chrome, browserVersion: 94.0.4606.71, chrome: {chromedriverVersion: 94.0.4606.61 (418b78f5838ed..., userDataDir: C:\Users\ONAUME~1\AppData\L...}, goog:chromeOptions: {debuggerAddress: localhost:53447}, javascriptEnabled: true, networkConnectionEnabled: false, pageLoadStrategy: normal, platform: WINDOWS, platformName: WINDOWS, proxy: Proxy(), setWindowRect: true, strictFileInteractability: false, timeouts: {implicit: 0, pageLoad: 300000, script: 30000}, unhandledPromptBehavior: dismiss and notify, webauthn:extension:credBlob: true, webauthn:extension:largeBlob: true, webauthn:virtualAuthenticators: true}
Session ID: 3f6852e2c539dab271de672fc2edb48c">
      <![CDATA[org.openqa.selenium.ElementClickInterceptedException: element click intercepted: Element <a id="geo-suggestions-close" href="#" class="abs close" data-icon="close"></a> is not clickable at point (877, 399). Other element would receive the click: <iframe class="gtm-survey__iframe" src="https://ru.surveymonkey.com/r/KQZ7SWR?business_status=undefined"></iframe>
  (Session info: chrome=94.0.4606.71)
Build info: version: '3.141.59', revision: 'e82be7d358', time: '2018-11-14T08:17:03'
System info: host: 'DESKTOP-R1OQVL4', ip: '192.168.1.134', os.name: 'Windows 10', os.arch: 'amd64', os.version: '10.0', java.version: '16.0.2'
Driver info: org.openqa.selenium.chrome.ChromeDriver
Capabilities {acceptInsecureCerts: false, browserName: chrome, browserVersion: 94.0.4606.71, chrome: {chromedriverVersion: 94.0.4606.61 (418b78f5838ed..., userDataDir: C:\Users\ONAUME~1\AppData\L...}, goog:chromeOptions: {debuggerAddress: localhost:53447}, javascriptEnabled: true, networkConnectionEnabled: false, pageLoadStrategy: normal, platform: WINDOWS, platformName: WINDOWS, proxy: Proxy(), setWindowRect: true, strictFileInteractability: false, timeouts: {implicit: 0, pageLoad: 300000, script: 30000}, unhandledPromptBehavior: dismiss and notify, webauthn:extension:credBlob: true, webauthn:extension:largeBlob: true, webauthn:virtualAuthenticators: true}
Session ID: 3f6852e2c539dab271de672fc2edb48c
at org.openqa.selenium.remote.http.W3CHttpResponseCodec.createException(W3CHttpResponseCodec.java:187)
at org.openqa.selenium.remote.http.W3CHttpResponseCodec.decode(W3CHttpResponseCodec.java:122)
at org.openqa.selenium.remote.http.W3CHttpResponseCodec.decode(W3CHttpResponseCodec.java:49)
at org.openqa.selenium.remote.HttpCommandExecutor.execute(HttpCommandExecutor.java:158)
at org.openqa.selenium.remote.service.DriverCommandExecutor.execute(DriverCommandExecutor.java:83)
at org.openqa.selenium.remote.RemoteWebDriver.execute(RemoteWebDriver.java:552)
at org.openqa.selenium.remote.RemoteWebElement.execute(RemoteWebElement.java:285)
at org.openqa.selenium.remote.RemoteWebElement.click(RemoteWebElement.java:84)
at org.openqa.selenium.support.pagefactory.internal.LocatingElementHandler.invoke(LocatingElementHandler.java:51)
at jdk.proxy2/jdk.proxy2.$Proxy10.click(Unknown Source)
at pages.BasePage.closeGeoSuggestions(BasePage.java:48)
at tests.auto.positive.FiltersTest.checkPriceFields(FiltersTest.java:40)
at java.base/java.util.ArrayList.forEach(ArrayList.java:1511)
... Removed 46 stack frames]]>
    </failure>
  </testcase> <!-- checkPriceFields -->
  <testcase classname="tests.auto.positive.FiltersTest" name="defaultFiltersValues" time="3.924"/>
  <testcase classname="tests.auto.positive.FiltersTest" name="filterByMileAge" time="5.107">
    <failure type="org.openqa.selenium.ElementClickInterceptedException" message="element click intercepted: Element &amp;lt;a id=&amp;quot;geo-suggestions-close&amp;quot; href=&amp;quot;#&amp;quot; class=&amp;quot;abs close&amp;quot; data-icon=&amp;quot;close&amp;quot;&amp;gt;&amp;lt;/a&amp;gt; is not clickable at point (877, 399). Other element would receive the click: &amp;lt;iframe class=&amp;quot;gtm-survey__iframe&amp;quot; src=&amp;quot;https://ru.surveymonkey.com/r/KQZ7SWR?business_status=undefined&amp;quot;&amp;gt;&amp;lt;/iframe&amp;gt;
  (Session info: chrome=94.0.4606.71)
Build info: version: &amp;apos;3.141.59&amp;apos;, revision: &amp;apos;e82be7d358&amp;apos;, time: &amp;apos;2018-11-14T08:17:03&amp;apos;
System info: host: &amp;apos;DESKTOP-R1OQVL4&amp;apos;, ip: &amp;apos;192.168.1.134&amp;apos;, os.name: &amp;apos;Windows 10&amp;apos;, os.arch: &amp;apos;amd64&amp;apos;, os.version: &amp;apos;10.0&amp;apos;, java.version: &amp;apos;16.0.2&amp;apos;
Driver info: org.openqa.selenium.chrome.ChromeDriver
Capabilities {acceptInsecureCerts: false, browserName: chrome, browserVersion: 94.0.4606.71, chrome: {chromedriverVersion: 94.0.4606.61 (418b78f5838ed..., userDataDir: C:\Users\ONAUME~1\AppData\L...}, goog:chromeOptions: {debuggerAddress: localhost:52330}, javascriptEnabled: true, networkConnectionEnabled: false, pageLoadStrategy: normal, platform: WINDOWS, platformName: WINDOWS, proxy: Proxy(), setWindowRect: true, strictFileInteractability: false, timeouts: {implicit: 0, pageLoad: 300000, script: 30000}, unhandledPromptBehavior: dismiss and notify, webauthn:extension:credBlob: true, webauthn:extension:largeBlob: true, webauthn:virtualAuthenticators: true}
Session ID: 4c1d1633174b822827f0f0f1a0de6f56">
      <![CDATA[org.openqa.selenium.ElementClickInterceptedException: element click intercepted: Element <a id="geo-suggestions-close" href="#" class="abs close" data-icon="close"></a> is not clickable at point (877, 399). Other element would receive the click: <iframe class="gtm-survey__iframe" src="https://ru.surveymonkey.com/r/KQZ7SWR?business_status=undefined"></iframe>
  (Session info: chrome=94.0.4606.71)
Build info: version: '3.141.59', revision: 'e82be7d358', time: '2018-11-14T08:17:03'
System info: host: 'DESKTOP-R1OQVL4', ip: '192.168.1.134', os.name: 'Windows 10', os.arch: 'amd64', os.version: '10.0', java.version: '16.0.2'
Driver info: org.openqa.selenium.chrome.ChromeDriver
Capabilities {acceptInsecureCerts: false, browserName: chrome, browserVersion: 94.0.4606.71, chrome: {chromedriverVersion: 94.0.4606.61 (418b78f5838ed..., userDataDir: C:\Users\ONAUME~1\AppData\L...}, goog:chromeOptions: {debuggerAddress: localhost:52330}, javascriptEnabled: true, networkConnectionEnabled: false, pageLoadStrategy: normal, platform: WINDOWS, platformName: WINDOWS, proxy: Proxy(), setWindowRect: true, strictFileInteractability: false, timeouts: {implicit: 0, pageLoad: 300000, script: 30000}, unhandledPromptBehavior: dismiss and notify, webauthn:extension:credBlob: true, webauthn:extension:largeBlob: true, webauthn:virtualAuthenticators: true}
Session ID: 4c1d1633174b822827f0f0f1a0de6f56
at org.openqa.selenium.remote.http.W3CHttpResponseCodec.createException(W3CHttpResponseCodec.java:187)
at org.openqa.selenium.remote.http.W3CHttpResponseCodec.decode(W3CHttpResponseCodec.java:122)
at org.openqa.selenium.remote.http.W3CHttpResponseCodec.decode(W3CHttpResponseCodec.java:49)
at org.openqa.selenium.remote.HttpCommandExecutor.execute(HttpCommandExecutor.java:158)
at org.openqa.selenium.remote.service.DriverCommandExecutor.execute(DriverCommandExecutor.java:83)
at org.openqa.selenium.remote.RemoteWebDriver.execute(RemoteWebDriver.java:552)
at org.openqa.selenium.remote.RemoteWebElement.execute(RemoteWebElement.java:285)
at org.openqa.selenium.remote.RemoteWebElement.click(RemoteWebElement.java:84)
at org.openqa.selenium.support.pagefactory.internal.LocatingElementHandler.invoke(LocatingElementHandler.java:51)
at jdk.proxy2/jdk.proxy2.$Proxy10.click(Unknown Source)
at pages.BasePage.closeGeoSuggestions(BasePage.java:48)
at tests.auto.positive.FiltersTest.filterByMileAge(FiltersTest.java:48)
at java.base/java.util.ArrayList.forEach(ArrayList.java:1511)
... Removed 46 stack frames]]>
    </failure>
  </testcase> <!-- filterByMileAge -->
</testsuite> <!-- Command line test -->
