<?xml version="1.0" encoding="UTF-8"?>
<testng-results ignored="0" total="6" passed="5" failed="1" skipped="0">
  <reporter-output>
  </reporter-output>
  <suite started-at="2021-10-07T13:52:58 EEST" name="Command line suite" finished-at="2021-10-07T13:54:39 EEST" duration-ms="101121">
    <groups>
    </groups>
    <test started-at="2021-10-07T13:52:58 EEST" name="Command line test" finished-at="2021-10-07T13:54:39 EEST" duration-ms="101121">
      <class name="tests.auto.positive.FiltersTest">
        <test-method is-config="true" signature="setUp()[pri:0, instance:tests.auto.positive.FiltersTest@687e99d8]" started-at="2021-10-07T13:53:16 EEST" name="setUp" finished-at="2021-10-07T13:53:17 EEST" duration-ms="1608" status="PASS">
          <reporter-output>
          </reporter-output>
        </test-method> <!-- setUp -->
        <test-method signature="checkBrandInTheList()[pri:0, instance:tests.auto.positive.FiltersTest@687e99d8]" started-at="2021-10-07T13:53:18 EEST" name="checkBrandInTheList" finished-at="2021-10-07T13:53:33 EEST" duration-ms="15466" status="PASS">
          <reporter-output>
          </reporter-output>
        </test-method> <!-- checkBrandInTheList -->
        <test-method is-config="true" signature="tearDown()[pri:0, instance:tests.auto.positive.FiltersTest@687e99d8]" started-at="2021-10-07T13:53:33 EEST" name="tearDown" finished-at="2021-10-07T13:53:34 EEST" duration-ms="567" status="PASS">
          <reporter-output>
          </reporter-output>
        </test-method> <!-- tearDown -->
        <test-method is-config="true" signature="setUp()[pri:0, instance:tests.auto.positive.FiltersTest@687e99d8]" started-at="2021-10-07T13:53:34 EEST" name="setUp" finished-at="2021-10-07T13:53:35 EEST" duration-ms="1357" status="PASS">
          <reporter-output>
          </reporter-output>
        </test-method> <!-- setUp -->
        <test-method signature="checkPriceFields()[pri:0, instance:tests.auto.positive.FiltersTest@687e99d8]" started-at="2021-10-07T13:53:35 EEST" name="checkPriceFields" finished-at="2021-10-07T13:53:49 EEST" duration-ms="13953" status="PASS">
          <reporter-output>
          </reporter-output>
        </test-method> <!-- checkPriceFields -->
        <test-method is-config="true" signature="tearDown()[pri:0, instance:tests.auto.positive.FiltersTest@687e99d8]" started-at="2021-10-07T13:53:49 EEST" name="tearDown" finished-at="2021-10-07T13:53:49 EEST" duration-ms="552" status="PASS">
          <reporter-output>
          </reporter-output>
        </test-method> <!-- tearDown -->
        <test-method is-config="true" signature="setUp()[pri:0, instance:tests.auto.positive.FiltersTest@687e99d8]" started-at="2021-10-07T13:53:49 EEST" name="setUp" finished-at="2021-10-07T13:53:51 EEST" duration-ms="1853" status="PASS">
          <reporter-output>
          </reporter-output>
        </test-method> <!-- setUp -->
        <test-method signature="defaultFiltersValues()[pri:0, instance:tests.auto.positive.FiltersTest@687e99d8]" started-at="2021-10-07T13:53:51 EEST" name="defaultFiltersValues" finished-at="2021-10-07T13:54:05 EEST" duration-ms="13520" status="PASS">
          <reporter-output>
          </reporter-output>
        </test-method> <!-- defaultFiltersValues -->
        <test-method is-config="true" signature="tearDown()[pri:0, instance:tests.auto.positive.FiltersTest@687e99d8]" started-at="2021-10-07T13:54:05 EEST" name="tearDown" finished-at="2021-10-07T13:54:05 EEST" duration-ms="524" status="PASS">
          <reporter-output>
          </reporter-output>
        </test-method> <!-- tearDown -->
        <test-method is-config="true" signature="setUp()[pri:0, instance:tests.auto.positive.FiltersTest@687e99d8]" started-at="2021-10-07T13:54:05 EEST" name="setUp" finished-at="2021-10-07T13:54:07 EEST" duration-ms="1898" status="PASS">
          <reporter-output>
          </reporter-output>
        </test-method> <!-- setUp -->
        <test-method signature="filterByMileAge()[pri:0, instance:tests.auto.positive.FiltersTest@687e99d8]" started-at="2021-10-07T13:54:07 EEST" name="filterByMileAge" finished-at="2021-10-07T13:54:21 EEST" duration-ms="13986" status="FAIL">
          <exception class="java.lang.AssertionError">
            <message>
              <![CDATA[expected [70000 км] but found []]]>
            </message>
            <full-stacktrace>
              <![CDATA[java.lang.AssertionError: expected [70000 км] but found []
at org.testng.Assert.fail(Assert.java:97)
at org.testng.Assert.assertEqualsImpl(Assert.java:136)
at org.testng.Assert.assertEquals(Assert.java:118)
at org.testng.Assert.assertEquals(Assert.java:575)
at org.testng.Assert.assertEquals(Assert.java:585)
at tests.auto.positive.FiltersTest.filterByMileAge(FiltersTest.java:55)
at java.base/jdk.internal.reflect.NativeMethodAccessorImpl.invoke0(Native Method)
at java.base/jdk.internal.reflect.NativeMethodAccessorImpl.invoke(NativeMethodAccessorImpl.java:78)
at java.base/jdk.internal.reflect.DelegatingMethodAccessorImpl.invoke(DelegatingMethodAccessorImpl.java:43)
at java.base/java.lang.reflect.Method.invoke(Method.java:567)
at org.testng.internal.MethodInvocationHelper.invokeMethod(MethodInvocationHelper.java:134)
at org.testng.internal.TestInvoker.invokeMethod(TestInvoker.java:597)
at org.testng.internal.TestInvoker.invokeTestMethod(TestInvoker.java:173)
at org.testng.internal.MethodRunner.runInSequence(MethodRunner.java:46)
at org.testng.internal.TestInvoker$MethodInvocationAgent.invoke(TestInvoker.java:816)
at org.testng.internal.TestInvoker.invokeTestMethods(TestInvoker.java:146)
at org.testng.internal.TestMethodWorker.invokeTestMethods(TestMethodWorker.java:146)
at org.testng.internal.TestMethodWorker.run(TestMethodWorker.java:128)
at java.base/java.util.ArrayList.forEach(ArrayList.java:1511)
at org.testng.TestRunner.privateRun(TestRunner.java:766)
at org.testng.TestRunner.run(TestRunner.java:587)
at org.testng.SuiteRunner.runTest(SuiteRunner.java:384)
at org.testng.SuiteRunner.runSequentially(SuiteRunner.java:378)
at org.testng.SuiteRunner.privateRun(SuiteRunner.java:337)
at org.testng.SuiteRunner.run(SuiteRunner.java:286)
at org.testng.SuiteRunnerWorker.runSuite(SuiteRunnerWorker.java:53)
at org.testng.SuiteRunnerWorker.run(SuiteRunnerWorker.java:96)
at org.testng.TestNG.runSuitesSequentially(TestNG.java:1187)
at org.testng.TestNG.runSuitesLocally(TestNG.java:1109)
at org.testng.TestNG.runSuites(TestNG.java:1039)
at org.testng.TestNG.run(TestNG.java:1007)
at org.apache.maven.surefire.testng.TestNGExecutor.run(TestNGExecutor.java:77)
at org.apache.maven.surefire.testng.TestNGDirectoryTestSuite.executeMulti(TestNGDirectoryTestSuite.java:159)
at org.apache.maven.surefire.testng.TestNGDirectoryTestSuite.execute(TestNGDirectoryTestSuite.java:99)
at org.apache.maven.surefire.testng.TestNGProvider.invoke(TestNGProvider.java:106)
at java.base/jdk.internal.reflect.NativeMethodAccessorImpl.invoke0(Native Method)
at java.base/jdk.internal.reflect.NativeMethodAccessorImpl.invoke(NativeMethodAccessorImpl.java:78)
at java.base/jdk.internal.reflect.DelegatingMethodAccessorImpl.invoke(DelegatingMethodAccessorImpl.java:43)
at java.base/java.lang.reflect.Method.invoke(Method.java:567)
at org.apache.maven.surefire.util.ReflectionUtils.invokeMethodWithArray(ReflectionUtils.java:189)
at org.apache.maven.surefire.booter.ProviderFactory$ProviderProxy.invoke(ProviderFactory.java:165)
at org.apache.maven.surefire.booter.ProviderFactory.invokeProvider(ProviderFactory.java:85)
at org.apache.maven.surefire.booter.ForkedBooter.runSuitesInProcess(ForkedBooter.java:115)
at org.apache.maven.surefire.booter.ForkedBooter.main(ForkedBooter.java:75)
]]>
            </full-stacktrace>
          </exception> <!-- java.lang.AssertionError -->
          <reporter-output>
          </reporter-output>
        </test-method> <!-- filterByMileAge -->
        <test-method is-config="true" signature="tearDown()[pri:0, instance:tests.auto.positive.FiltersTest@687e99d8]" started-at="2021-10-07T13:54:21 EEST" name="tearDown" finished-at="2021-10-07T13:54:22 EEST" duration-ms="528" status="PASS">
          <reporter-output>
          </reporter-output>
        </test-method> <!-- tearDown -->
        <test-method is-config="true" signature="setUp()[pri:0, instance:tests.auto.positive.FiltersTest@687e99d8]" started-at="2021-10-07T13:54:22 EEST" name="setUp" finished-at="2021-10-07T13:54:23 EEST" duration-ms="1508" status="PASS">
          <reporter-output>
          </reporter-output>
        </test-method> <!-- setUp -->
        <test-method signature="sortingByPrice()[pri:0, instance:tests.auto.positive.FiltersTest@687e99d8]" started-at="2021-10-07T13:54:23 EEST" name="sortingByPrice" finished-at="2021-10-07T13:54:38 EEST" duration-ms="14817" status="PASS">
          <reporter-output>
          </reporter-output>
        </test-method> <!-- sortingByPrice -->
        <test-method is-config="true" signature="tearDown()[pri:0, instance:tests.auto.positive.FiltersTest@687e99d8]" started-at="2021-10-07T13:54:38 EEST" name="tearDown" finished-at="2021-10-07T13:54:39 EEST" duration-ms="574" status="PASS">
          <reporter-output>
          </reporter-output>
        </test-method> <!-- tearDown -->
      </class> <!-- tests.auto.positive.FiltersTest -->
      <class name="tests.auto.negative.FiltersTest">
        <test-method is-config="true" signature="setUp()[pri:0, instance:tests.auto.negative.FiltersTest@757277dc]" started-at="2021-10-07T13:52:58 EEST" name="setUp" finished-at="2021-10-07T13:53:00 EEST" duration-ms="2613" status="PASS">
          <reporter-output>
          </reporter-output>
        </test-method> <!-- setUp -->
        <test-method signature="filterByMileAge()[pri:0, instance:tests.auto.negative.FiltersTest@757277dc]" started-at="2021-10-07T13:53:00 EEST" name="filterByMileAge" finished-at="2021-10-07T13:53:15 EEST" duration-ms="14987" status="PASS">
          <reporter-output>
          </reporter-output>
        </test-method> <!-- filterByMileAge -->
        <test-method is-config="true" signature="tearDown()[pri:0, instance:tests.auto.negative.FiltersTest@757277dc]" started-at="2021-10-07T13:53:15 EEST" name="tearDown" finished-at="2021-10-07T13:53:16 EEST" duration-ms="555" status="PASS">
          <reporter-output>
          </reporter-output>
        </test-method> <!-- tearDown -->
      </class> <!-- tests.auto.negative.FiltersTest -->
    </test> <!-- Command line test -->
  </suite> <!-- Command line suite -->
</testng-results>
