<?xml version="1.0" encoding="UTF-8"?>
<testsuite xmlns:xsi="http://www.w3.org/2001/XMLSchema-instance" xsi:noNamespaceSchemaLocation="https://maven.apache.org/surefire/maven-surefire-plugin/xsd/surefire-test-report-3.0.xsd" version="3.0" name="TestSuite" time="92.35" tests="18" errors="0" skipped="12" failures="6">
  <properties>
[...]
</properties>
  <testcase name="filterByMileage[ABC](1)" classname="tests.auto.negative.FiltersTest" time="10.707">
    <failure message="Expected condition failed: waiting for visibility of [[ChromeDriver: chrome on WINDOWS (6920366b9fc0c9e18ae64f391777642b)] -&gt; css selector: #param_motor_mileage div.filter-item-from span.icon] (tried for 10 second(s) with 500 milliseconds interval)&#10;Build info: version: &apos;3.141.59&apos;, revision: &apos;e82be7d358&apos;, time: &apos;2018-11-14T08:17:03&apos;&#10;System info: host: &apos;DESKTOP-R1OQVL4&apos;, ip: &apos;192.168.1.134&apos;, os.name: &apos;Windows 10&apos;, os.arch: &apos;amd64&apos;, os.version: &apos;10.0&apos;, java.version: &apos;16.0.2&apos;&#10;Driver info: org.openqa.selenium.chrome.ChromeDriver&#10;Capabilities {acceptInsecureCerts: false, browserName: chrome, browserVersion: 95.0.4638.54, chrome: {chromedriverVersion: 94.0.4606.61 (418b78f5838ed..., userDataDir: C:\Users\ONAUME~1\AppData\L...}, goog:chromeOptions: {debuggerAddress: localhost:60879}, javascriptEnabled: true, networkConnectionEnabled: false, pageLoadStrategy: normal, platform: WINDOWS, platformName: WINDOWS, proxy: Proxy(), setWindowRect: true, strictFileInteractability: false, timeouts: {implicit: 0, pageLoad: 300000, script: 30000}, unhandledPromptBehavior: dismiss and notify, webauthn:extension:credBlob: true, webauthn:extension:largeBlob: true, webauthn:virtualAuthenticators: true}&#10;Session ID: 6920366b9fc0c9e18ae64f391777642b" type="org.openqa.selenium.TimeoutException"><![CDATA[org.openqa.selenium.TimeoutException: 
Expected condition failed: waiting for visibility of [[ChromeDriver: chrome on WINDOWS (6920366b9fc0c9e18ae64f391777642b)] -> css selector: #param_motor_mileage div.filter-item-from span.icon] (tried for 10 second(s) with 500 milliseconds interval)
Build info: version: '3.141.59', revision: 'e82be7d358', time: '2018-11-14T08:17:03'
System info: host: 'DESKTOP-R1OQVL4', ip: '192.168.1.134', os.name: 'Windows 10', os.arch: 'amd64', os.version: '10.0', java.version: '16.0.2'
Driver info: org.openqa.selenium.chrome.ChromeDriver
Capabilities {acceptInsecureCerts: false, browserName: chrome, browserVersion: 95.0.4638.54, chrome: {chromedriverVersion: 94.0.4606.61 (418b78f5838ed..., userDataDir: C:\Users\ONAUME~1\AppData\L...}, goog:chromeOptions: {debuggerAddress: localhost:60879}, javascriptEnabled: true, networkConnectionEnabled: false, pageLoadStrategy: normal, platform: WINDOWS, platformName: WINDOWS, proxy: Proxy(), setWindowRect: true, strictFileInteractability: false, timeouts: {implicit: 0, pageLoad: 300000, script: 30000}, unhandledPromptBehavior: dismiss and notify, webauthn:extension:credBlob: true, webauthn:extension:largeBlob: true, webauthn:virtualAuthenticators: true}
Session ID: 6920366b9fc0c9e18ae64f391777642b
	at tests.auto.negative.FiltersTest.filterByMileage(FiltersTest.java:29)
]]></failure>
    <system-err><![CDATA[SLF4J: Failed to load class "org.slf4j.impl.StaticLoggerBinder".
SLF4J: Defaulting to no-operation (NOP) logger implementation
SLF4J: See http://www.slf4j.org/codes.html#StaticLoggerBinder for further details.
Starting ChromeDriver 94.0.4606.61 (418b78f5838ed0b1c69bb4e51ea0252171854915-refs/branch-heads/4606@{#1204}) on port 49058
Only local connections are allowed.
Please see https://chromedriver.chromium.org/security-considerations for suggestions on keeping ChromeDriver safe.
ChromeDriver was started successfully.
[1634724586.297][WARNING]: This version of ChromeDriver has not been tested with Chrome version 95.
Oct 20, 2021 1:09:46 PM org.openqa.selenium.remote.ProtocolHandshake createSession
INFO: Detected dialect: W3C
]]></system-err>
  </testcase>
  <testcase name="filterByMileage[!@#](2)" classname="tests.auto.negative.FiltersTest" time="1.616">
    <failure message="expected [] but found [!@#]" type="java.lang.AssertionError"><![CDATA[java.lang.AssertionError: expected [] but found [!@#]
	at tests.auto.negative.FiltersTest.filterByMileage(FiltersTest.java:30)
]]></failure>
  </testcase>
  <testcase name="filterByMileage[1000.9](3)" classname="tests.auto.negative.FiltersTest" time="1.742">
    <failure message="expected [] but found [10009 км]" type="java.lang.AssertionError"><![CDATA[java.lang.AssertionError: expected [] but found [10009 км]
	at tests.auto.negative.FiltersTest.filterByMileage(FiltersTest.java:30)
]]></failure>
  </testcase>
  <testcase name="filterByMileage[#A](4)" classname="tests.auto.negative.FiltersTest" time="1.546">
    <failure message="expected [] but found [#]" type="java.lang.AssertionError"><![CDATA[java.lang.AssertionError: expected [] but found [#]
	at tests.auto.negative.FiltersTest.filterByMileage(FiltersTest.java:30)
]]></failure>
  </testcase>
  <testcase name="filterByMileage[  ](5)" classname="tests.auto.negative.FiltersTest" time="10.64">
    <failure message="Expected condition failed: waiting for visibility of [[ChromeDriver: chrome on WINDOWS (6920366b9fc0c9e18ae64f391777642b)] -&gt; css selector: #param_motor_mileage div.filter-item-from span.icon] (tried for 10 second(s) with 500 milliseconds interval)&#10;Build info: version: &apos;3.141.59&apos;, revision: &apos;e82be7d358&apos;, time: &apos;2018-11-14T08:17:03&apos;&#10;System info: host: &apos;DESKTOP-R1OQVL4&apos;, ip: &apos;192.168.1.134&apos;, os.name: &apos;Windows 10&apos;, os.arch: &apos;amd64&apos;, os.version: &apos;10.0&apos;, java.version: &apos;16.0.2&apos;&#10;Driver info: org.openqa.selenium.chrome.ChromeDriver&#10;Capabilities {acceptInsecureCerts: false, browserName: chrome, browserVersion: 95.0.4638.54, chrome: {chromedriverVersion: 94.0.4606.61 (418b78f5838ed..., userDataDir: C:\Users\ONAUME~1\AppData\L...}, goog:chromeOptions: {debuggerAddress: localhost:60879}, javascriptEnabled: true, networkConnectionEnabled: false, pageLoadStrategy: normal, platform: WINDOWS, platformName: WINDOWS, proxy: Proxy(), setWindowRect: true, strictFileInteractability: false, timeouts: {implicit: 0, pageLoad: 300000, script: 30000}, unhandledPromptBehavior: dismiss and notify, webauthn:extension:credBlob: true, webauthn:extension:largeBlob: true, webauthn:virtualAuthenticators: true}&#10;Session ID: 6920366b9fc0c9e18ae64f391777642b" type="org.openqa.selenium.TimeoutException"><![CDATA[org.openqa.selenium.TimeoutException: 
Expected condition failed: waiting for visibility of [[ChromeDriver: chrome on WINDOWS (6920366b9fc0c9e18ae64f391777642b)] -> css selector: #param_motor_mileage div.filter-item-from span.icon] (tried for 10 second(s) with 500 milliseconds interval)
Build info: version: '3.141.59', revision: 'e82be7d358', time: '2018-11-14T08:17:03'
System info: host: 'DESKTOP-R1OQVL4', ip: '192.168.1.134', os.name: 'Windows 10', os.arch: 'amd64', os.version: '10.0', java.version: '16.0.2'
Driver info: org.openqa.selenium.chrome.ChromeDriver
Capabilities {acceptInsecureCerts: false, browserName: chrome, browserVersion: 95.0.4638.54, chrome: {chromedriverVersion: 94.0.4606.61 (418b78f5838ed..., userDataDir: C:\Users\ONAUME~1\AppData\L...}, goog:chromeOptions: {debuggerAddress: localhost:60879}, javascriptEnabled: true, networkConnectionEnabled: false, pageLoadStrategy: normal, platform: WINDOWS, platformName: WINDOWS, proxy: Proxy(), setWindowRect: true, strictFileInteractability: false, timeouts: {implicit: 0, pageLoad: 300000, script: 30000}, unhandledPromptBehavior: dismiss and notify, webauthn:extension:credBlob: true, webauthn:extension:largeBlob: true, webauthn:virtualAuthenticators: true}
Session ID: 6920366b9fc0c9e18ae64f391777642b
	at tests.auto.negative.FiltersTest.filterByMileage(FiltersTest.java:29)
]]></failure>
  </testcase>
  <testcase name="start" classname="tests.auto.positive.FiltersTest" time="10.908">
    <failure message="Cannot invoke &quot;pages.BasePage.goToUrl(String)&quot; because &quot;this.basePage&quot; is null" type="java.lang.NullPointerException"><![CDATA[java.lang.NullPointerException: Cannot invoke "pages.BasePage.goToUrl(String)" because "this.basePage" is null
	at tests.auto.positive.FiltersTest.start(FiltersTest.java:19)
]]></failure>
  </testcase>
  <testcase name="start" classname="tests.auto.positive.FiltersTest" time="0">
    <skipped/>
  </testcase>
  <testcase name="start" classname="tests.auto.positive.FiltersTest" time="0">
    <skipped/>
  </testcase>
  <testcase name="start" classname="tests.auto.positive.FiltersTest" time="0">
    <skipped/>
  </testcase>
  <testcase name="checkBrandInTheList" classname="tests.auto.positive.FiltersTest" time="0">
    <skipped message="Cannot invoke &quot;pages.BasePage.goToUrl(String)&quot; because &quot;this.basePage&quot; is null"/>
  </testcase>
  <testcase name="clearCookiesAndLocalStorage" classname="tests.auto.positive.FiltersTest" time="0">
    <skipped/>
  </testcase>
  <testcase name="clearCookiesAndLocalStorage" classname="tests.auto.positive.FiltersTest" time="0">
    <skipped/>
  </testcase>
  <testcase name="clearCookiesAndLocalStorage" classname="tests.auto.positive.FiltersTest" time="0">
    <skipped/>
  </testcase>
  <testcase name="clearCookiesAndLocalStorage" classname="tests.auto.positive.FiltersTest" time="0">
    <skipped/>
  </testcase>
  <testcase name="defaultFiltersValues" classname="tests.auto.positive.FiltersTest" time="0">
    <skipped message="Cannot invoke &quot;pages.BasePage.goToUrl(String)&quot; because &quot;this.basePage&quot; is null"/>
  </testcase>
  <testcase name="filterByMileAge" classname="tests.auto.positive.FiltersTest" time="0">
    <skipped message="Cannot invoke &quot;pages.BasePage.goToUrl(String)&quot; because &quot;this.basePage&quot; is null"/>
  </testcase>
  <testcase name="sortingByPrice" classname="tests.auto.positive.FiltersTest" time="0">
    <skipped message="Cannot invoke &quot;pages.BasePage.goToUrl(String)&quot; because &quot;this.basePage&quot; is null"/>
  </testcase>
  <testcase name="tearDown" classname="tests.auto.positive.FiltersTest" time="0">
    <skipped/>
  </testcase>
</testsuite>